Record version changes here:


052622v2:

  Changes:
  -Not allowing gen "Jet" particles to be matched to a reco "Photon". Reco "photons" without any other 
   gen Particles (electron, muon, tau, photon) that pass the delta R cut are considered to be matched to "gen Jets".
 

052622v1:

  Changes:
  - Matching only one gen object to reco "photon" choosing whichever has closest pt.
  Before it would have chosen the first genParticle to be matched to the reco "photon".

052522v5:

  Changes:
  -Not using pt cut in gen matching criteria

052522v4:
  
  Changes:
  -Changed cuts to make more like diphoton cuts
  - 70 GeV for recoPhotons
  - At least 2 recoPhotons in event
  - Using skims
  - Reco Objects not matched to a gen Ele, Mu, Tau, or Pho are considered Jets


052522v3:

  Changes:
  -Testing without pt cut in matching criteria.


052522v2:

  Changes:
  -Found a bug, fixed. Base version

052522v1:

  Changes:
  -Removed pt cut in gen matching


052422v1:
  
  Base
